* using log directory ‘/home/pascalkueng/Documents/GitHub/wbCorr/wbCorr.Rcheck’
* using R version 4.6.0 (2026-04-24)
* using platform: x86_64-redhat-linux-gnu
* R was compiled by
    gcc (GCC) 16.0.1 20260321 (Red Hat 16.0.1-0)
    GNU Fortran (GCC) 16.0.1 20260321 (Red Hat 16.0.1-0)
* running under: Fedora Linux 44 (Workstation Edition)
* using session charset: UTF-8
* current time: 2026-05-23 16:22:55 UTC
* checking for file ‘wbCorr/DESCRIPTION’ ... OK
* this is package ‘wbCorr’ version ‘0.2.0’
* package encoding: UTF-8
* checking package namespace information ... OK
* checking package dependencies ... OK
* checking if this is a source package ... OK
* checking if there is a namespace ... OK
* checking for executable files ... OK
* checking for hidden files and directories ... OK
* checking for portable file names ... OK
* checking for sufficient/correct file permissions ... OK
* checking whether package ‘wbCorr’ can be installed ... OK
* checking installed package size ... OK
* checking package directory ... OK
* checking DESCRIPTION meta-information ... OK
* checking top-level files ... OK
* checking for left-over files ... OK
* checking index information ... OK
* checking package subdirectories ... OK
* checking code files for non-ASCII characters ... OK
* checking R files for syntax errors ... OK
* checking whether the package can be loaded ... OK
* checking whether the package can be loaded with stated dependencies ... OK
* checking whether the package can be unloaded cleanly ... OK
* checking whether the namespace can be loaded with stated dependencies ... OK
* checking whether the namespace can be unloaded cleanly ... OK
* checking loading without being on the library search path ... OK
* checking whether startup messages can be suppressed ... NOTE
Current package version: 0.2.0
Latest package version on GitHub: 0.1.22
Latest version already installed.

It looks like this package (or a package it requires) has a startup
message which cannot be suppressed: see ?packageStartupMessage.
* checking dependencies in R code ... OK
* checking S3 generic/method consistency ... OK
* checking replacement functions ... OK
* checking foreign function calls ... OK
* checking R code for possible problems ... OK
* checking Rd files ... OK
* checking Rd metadata ... OK
* checking Rd cross-references ... OK
* checking for missing documentation entries ... OK
* checking for code/documentation mismatches ... OK
* checking Rd \usage sections ... OK
* checking Rd contents ... OK
* checking for unstated dependencies in examples ... OK
* checking contents of ‘data’ directory ... OK
* checking data for non-ASCII characters ... OK
* checking data for ASCII and uncompressed saves ... OK
* checking examples ... OK
* checking for unstated dependencies in ‘tests’ ... OK
* checking tests ... OK
  Running ‘spelling.R’
  Running ‘testthat.R’
* checking PDF version of manual ... OK
* DONE
Status: 1 NOTE
